[1.127s] Invoking command in '/home/shashwat/test_ws/src/rov_control': PYTHONPATH=/home/shashwat/test_ws/src/build/rov_control/prefix_override:/usr/lib/python3/dist-packages/colcon_core/task/python/colcon_distutils_commands:/home/shashwat/test_ws/src/install/rov_control/lib/python3.10/site-packages:${PYTHONPATH} /usr/bin/python3 -W ignore:setup.py install is deprecated -W ignore:easy_install command is deprecated setup.py egg_info --egg-base ../build/rov_control build --build-base /home/shashwat/test_ws/src/build/rov_control/build install --record /home/shashwat/test_ws/src/build/rov_control/install.log --single-version-externally-managed install_data
[1.474s] running egg_info
[1.476s] writing ../build/rov_control/rov_control.egg-info/PKG-INFO
[1.476s] writing dependency_links to ../build/rov_control/rov_control.egg-info/dependency_links.txt
[1.476s] writing entry points to ../build/rov_control/rov_control.egg-info/entry_points.txt
[1.480s] writing requirements to ../build/rov_control/rov_control.egg-info/requires.txt
[1.481s] writing top-level names to ../build/rov_control/rov_control.egg-info/top_level.txt
[1.482s] reading manifest file '../build/rov_control/rov_control.egg-info/SOURCES.txt'
[1.482s] writing manifest file '../build/rov_control/rov_control.egg-info/SOURCES.txt'
[1.482s] running build
[1.482s] running build_py
[1.482s] running install
[1.482s] running install_lib
[1.486s] running install_data
[1.486s] running install_egg_info
[1.486s] removing '/home/shashwat/test_ws/src/install/rov_control/lib/python3.10/site-packages/rov_control-0.0.0-py3.10.egg-info' (and everything under it)
[1.487s] Copying ../build/rov_control/rov_control.egg-info to /home/shashwat/test_ws/src/install/rov_control/lib/python3.10/site-packages/rov_control-0.0.0-py3.10.egg-info
[1.488s] running install_scripts
[1.512s] Installing serial_bridge script to /home/shashwat/test_ws/src/install/rov_control/lib/rov_control
[1.512s] Installing thruster_controller script to /home/shashwat/test_ws/src/install/rov_control/lib/rov_control
[1.512s] writing list of installed files to '/home/shashwat/test_ws/src/build/rov_control/install.log'
[1.543s] Invoked command in '/home/shashwat/test_ws/src/rov_control' returned '0': PYTHONPATH=/home/shashwat/test_ws/src/build/rov_control/prefix_override:/usr/lib/python3/dist-packages/colcon_core/task/python/colcon_distutils_commands:/home/shashwat/test_ws/src/install/rov_control/lib/python3.10/site-packages:${PYTHONPATH} /usr/bin/python3 -W ignore:setup.py install is deprecated -W ignore:easy_install command is deprecated setup.py egg_info --egg-base ../build/rov_control build --build-base /home/shashwat/test_ws/src/build/rov_control/build install --record /home/shashwat/test_ws/src/build/rov_control/install.log --single-version-externally-managed install_data
