[0.097s] DEBUG:colcon:Command line arguments: ['/usr/bin/colcon', 'build']
[0.097s] DEBUG:colcon:Parsed command line arguments: Namespace(log_base=None, log_level=None, verb_name='build', build_base='build', install_base='install', merge_install=False, symlink_install=False, test_result_base=None, continue_on_error=False, executor='parallel', parallel_workers=4, event_handlers=None, ignore_user_meta=False, metas=['./colcon.meta'], base_paths=['.'], packages_ignore=None, packages_ignore_regex=None, paths=None, packages_up_to=None, packages_up_to_regex=None, packages_above=None, packages_above_and_dependencies=None, packages_above_depth=None, packages_select_by_dep=None, packages_skip_by_dep=None, packages_skip_up_to=None, packages_select_build_failed=False, packages_skip_build_finished=False, packages_select_test_failures=False, packages_skip_test_passed=False, packages_select=None, packages_skip=None, packages_select_regex=None, packages_skip_regex=None, packages_start=None, packages_end=None, allow_overriding=[], cmake_args=None, cmake_target=None, cmake_target_skip_unavailable=False, cmake_clean_cache=False, cmake_clean_first=False, cmake_force_configure=False, ament_cmake_args=None, catkin_cmake_args=None, catkin_skip_building_tests=False, mixin_files=None, mixin=None, verb_parser=<colcon_mixin.mixin.mixin_argument.MixinArgumentDecorator object at 0x78127381ace0>, verb_extension=<colcon_core.verb.build.BuildVerb object at 0x78127381a770>, main=<bound method BuildVerb.main of <colcon_core.verb.build.BuildVerb object at 0x78127381a770>>, mixin_verb=('build',))
[0.248s] Level 1:colcon.colcon_core.package_discovery:discover_packages(colcon_meta) check parameters
[0.248s] Level 1:colcon.colcon_core.package_discovery:discover_packages(recursive) check parameters
[0.248s] Level 1:colcon.colcon_core.package_discovery:discover_packages(ignore) check parameters
[0.248s] Level 1:colcon.colcon_core.package_discovery:discover_packages(path) check parameters
[0.249s] Level 1:colcon.colcon_core.package_discovery:discover_packages(colcon_meta) discover
[0.249s] Level 1:colcon.colcon_core.package_discovery:discover_packages(recursive) discover
[0.249s] INFO:colcon.colcon_core.package_discovery:Crawling recursively for packages in '/home/shashwat/test_ws/src'
[0.249s] Level 1:colcon.colcon_core.package_identification:_identify(.) by extensions ['ignore', 'ignore_ament_install']
[0.249s] Level 1:colcon.colcon_core.package_identification:_identify(.) by extension 'ignore'
[0.249s] Level 1:colcon.colcon_core.package_identification:_identify(.) by extension 'ignore_ament_install'
[0.249s] Level 1:colcon.colcon_core.package_identification:_identify(.) by extensions ['colcon_pkg']
[0.249s] Level 1:colcon.colcon_core.package_identification:_identify(.) by extension 'colcon_pkg'
[0.249s] Level 1:colcon.colcon_core.package_identification:_identify(.) by extensions ['colcon_meta']
[0.249s] Level 1:colcon.colcon_core.package_identification:_identify(.) by extension 'colcon_meta'
[0.249s] Level 1:colcon.colcon_core.package_identification:_identify(.) by extensions ['ros']
[0.249s] Level 1:colcon.colcon_core.package_identification:_identify(.) by extension 'ros'
[0.259s] Level 1:colcon.colcon_core.package_identification:_identify(.) by extensions ['cmake', 'python']
[0.259s] Level 1:colcon.colcon_core.package_identification:_identify(.) by extension 'cmake'
[0.259s] Level 1:colcon.colcon_core.package_identification:_identify(.) by extension 'python'
[0.259s] Level 1:colcon.colcon_core.package_identification:_identify(.) by extensions ['python_setup_py']
[0.259s] Level 1:colcon.colcon_core.package_identification:_identify(.) by extension 'python_setup_py'
[0.259s] Level 1:colcon.colcon_core.package_identification:_identify(build) by extensions ['ignore', 'ignore_ament_install']
[0.259s] Level 1:colcon.colcon_core.package_identification:_identify(build) by extension 'ignore'
[0.259s] Level 1:colcon.colcon_core.package_identification:_identify(build) ignored
[0.260s] Level 1:colcon.colcon_core.package_identification:_identify(install) by extensions ['ignore', 'ignore_ament_install']
[0.260s] Level 1:colcon.colcon_core.package_identification:_identify(install) by extension 'ignore'
[0.260s] Level 1:colcon.colcon_core.package_identification:_identify(install) ignored
[0.260s] Level 1:colcon.colcon_core.package_identification:_identify(log) by extensions ['ignore', 'ignore_ament_install']
[0.260s] Level 1:colcon.colcon_core.package_identification:_identify(log) by extension 'ignore'
[0.260s] Level 1:colcon.colcon_core.package_identification:_identify(log) ignored
[0.260s] Level 1:colcon.colcon_core.package_identification:_identify(rov_control) by extensions ['ignore', 'ignore_ament_install']
[0.260s] Level 1:colcon.colcon_core.package_identification:_identify(rov_control) by extension 'ignore'
[0.260s] Level 1:colcon.colcon_core.package_identification:_identify(rov_control) by extension 'ignore_ament_install'
[0.260s] Level 1:colcon.colcon_core.package_identification:_identify(rov_control) by extensions ['colcon_pkg']
[0.260s] Level 1:colcon.colcon_core.package_identification:_identify(rov_control) by extension 'colcon_pkg'
[0.260s] Level 1:colcon.colcon_core.package_identification:_identify(rov_control) by extensions ['colcon_meta']
[0.260s] Level 1:colcon.colcon_core.package_identification:_identify(rov_control) by extension 'colcon_meta'
[0.260s] Level 1:colcon.colcon_core.package_identification:_identify(rov_control) by extensions ['ros']
[0.261s] Level 1:colcon.colcon_core.package_identification:_identify(rov_control) by extension 'ros'
[0.263s] DEBUG:colcon.colcon_core.package_identification:Package 'rov_control' with type 'ros.ament_python' and name 'rov_control'
[0.263s] Level 1:colcon.colcon_core.package_identification:_identify(rov_joystick) by extensions ['ignore', 'ignore_ament_install']
[0.263s] Level 1:colcon.colcon_core.package_identification:_identify(rov_joystick) by extension 'ignore'
[0.263s] Level 1:colcon.colcon_core.package_identification:_identify(rov_joystick) by extension 'ignore_ament_install'
[0.263s] Level 1:colcon.colcon_core.package_identification:_identify(rov_joystick) by extensions ['colcon_pkg']
[0.263s] Level 1:colcon.colcon_core.package_identification:_identify(rov_joystick) by extension 'colcon_pkg'
[0.263s] Level 1:colcon.colcon_core.package_identification:_identify(rov_joystick) by extensions ['colcon_meta']
[0.263s] Level 1:colcon.colcon_core.package_identification:_identify(rov_joystick) by extension 'colcon_meta'
[0.263s] Level 1:colcon.colcon_core.package_identification:_identify(rov_joystick) by extensions ['ros']
[0.263s] Level 1:colcon.colcon_core.package_identification:_identify(rov_joystick) by extension 'ros'
[0.264s] DEBUG:colcon.colcon_core.package_identification:Package 'rov_joystick' with type 'ros.ament_python' and name 'rov_joystick'
[0.264s] Level 1:colcon.colcon_core.package_identification:_identify(rov_vision) by extensions ['ignore', 'ignore_ament_install']
[0.264s] Level 1:colcon.colcon_core.package_identification:_identify(rov_vision) by extension 'ignore'
[0.264s] Level 1:colcon.colcon_core.package_identification:_identify(rov_vision) by extension 'ignore_ament_install'
[0.265s] Level 1:colcon.colcon_core.package_identification:_identify(rov_vision) by extensions ['colcon_pkg']
[0.265s] Level 1:colcon.colcon_core.package_identification:_identify(rov_vision) by extension 'colcon_pkg'
[0.265s] Level 1:colcon.colcon_core.package_identification:_identify(rov_vision) by extensions ['colcon_meta']
[0.265s] Level 1:colcon.colcon_core.package_identification:_identify(rov_vision) by extension 'colcon_meta'
[0.265s] Level 1:colcon.colcon_core.package_identification:_identify(rov_vision) by extensions ['ros']
[0.265s] Level 1:colcon.colcon_core.package_identification:_identify(rov_vision) by extension 'ros'
[0.265s] DEBUG:colcon.colcon_core.package_identification:Package 'rov_vision' with type 'ros.ament_python' and name 'rov_vision'
[0.266s] Level 1:colcon.colcon_core.package_discovery:discover_packages(recursive) using defaults
[0.266s] Level 1:colcon.colcon_core.package_discovery:discover_packages(ignore) discover
[0.266s] Level 1:colcon.colcon_core.package_discovery:discover_packages(ignore) using defaults
[0.266s] Level 1:colcon.colcon_core.package_discovery:discover_packages(path) discover
[0.266s] Level 1:colcon.colcon_core.package_discovery:discover_packages(path) using defaults
[0.294s] Level 1:colcon.colcon_core.package_discovery:discover_packages(prefix_path) check parameters
[0.294s] Level 1:colcon.colcon_core.package_discovery:discover_packages(prefix_path) discover
[0.295s] DEBUG:colcon.colcon_installed_package_information.package_discovery:Found 3 installed packages in /home/shashwat/test_ws/src/install
[0.297s] DEBUG:colcon.colcon_installed_package_information.package_discovery:Found 317 installed packages in /opt/ros/humble
[0.298s] Level 1:colcon.colcon_core.package_discovery:discover_packages(prefix_path) using defaults
[0.332s] Level 5:colcon.colcon_core.verb:set package 'rov_control' build argument 'cmake_args' from command line to 'None'
[0.332s] Level 5:colcon.colcon_core.verb:set package 'rov_control' build argument 'cmake_target' from command line to 'None'
[0.332s] Level 5:colcon.colcon_core.verb:set package 'rov_control' build argument 'cmake_target_skip_unavailable' from command line to 'False'
[0.332s] Level 5:colcon.colcon_core.verb:set package 'rov_control' build argument 'cmake_clean_cache' from command line to 'False'
[0.332s] Level 5:colcon.colcon_core.verb:set package 'rov_control' build argument 'cmake_clean_first' from command line to 'False'
[0.332s] Level 5:colcon.colcon_core.verb:set package 'rov_control' build argument 'cmake_force_configure' from command line to 'False'
[0.332s] Level 5:colcon.colcon_core.verb:set package 'rov_control' build argument 'ament_cmake_args' from command line to 'None'
[0.332s] Level 5:colcon.colcon_core.verb:set package 'rov_control' build argument 'catkin_cmake_args' from command line to 'None'
[0.332s] Level 5:colcon.colcon_core.verb:set package 'rov_control' build argument 'catkin_skip_building_tests' from command line to 'False'
[0.332s] DEBUG:colcon.colcon_core.verb:Building package 'rov_control' with the following arguments: {'ament_cmake_args': None, 'build_base': '/home/shashwat/test_ws/src/build/rov_control', 'catkin_cmake_args': None, 'catkin_skip_building_tests': False, 'cmake_args': None, 'cmake_clean_cache': False, 'cmake_clean_first': False, 'cmake_force_configure': False, 'cmake_target': None, 'cmake_target_skip_unavailable': False, 'install_base': '/home/shashwat/test_ws/src/install/rov_control', 'merge_install': False, 'path': '/home/shashwat/test_ws/src/rov_control', 'symlink_install': False, 'test_result_base': None}
[0.332s] Level 5:colcon.colcon_core.verb:set package 'rov_joystick' build argument 'cmake_args' from command line to 'None'
[0.332s] Level 5:colcon.colcon_core.verb:set package 'rov_joystick' build argument 'cmake_target' from command line to 'None'
[0.332s] Level 5:colcon.colcon_core.verb:set package 'rov_joystick' build argument 'cmake_target_skip_unavailable' from command line to 'False'
[0.332s] Level 5:colcon.colcon_core.verb:set package 'rov_joystick' build argument 'cmake_clean_cache' from command line to 'False'
[0.332s] Level 5:colcon.colcon_core.verb:set package 'rov_joystick' build argument 'cmake_clean_first' from command line to 'False'
[0.332s] Level 5:colcon.colcon_core.verb:set package 'rov_joystick' build argument 'cmake_force_configure' from command line to 'False'
[0.332s] Level 5:colcon.colcon_core.verb:set package 'rov_joystick' build argument 'ament_cmake_args' from command line to 'None'
[0.332s] Level 5:colcon.colcon_core.verb:set package 'rov_joystick' build argument 'catkin_cmake_args' from command line to 'None'
[0.332s] Level 5:colcon.colcon_core.verb:set package 'rov_joystick' build argument 'catkin_skip_building_tests' from command line to 'False'
[0.332s] DEBUG:colcon.colcon_core.verb:Building package 'rov_joystick' with the following arguments: {'ament_cmake_args': None, 'build_base': '/home/shashwat/test_ws/src/build/rov_joystick', 'catkin_cmake_args': None, 'catkin_skip_building_tests': False, 'cmake_args': None, 'cmake_clean_cache': False, 'cmake_clean_first': False, 'cmake_force_configure': False, 'cmake_target': None, 'cmake_target_skip_unavailable': False, 'install_base': '/home/shashwat/test_ws/src/install/rov_joystick', 'merge_install': False, 'path': '/home/shashwat/test_ws/src/rov_joystick', 'symlink_install': False, 'test_result_base': None}
[0.333s] Level 5:colcon.colcon_core.verb:set package 'rov_vision' build argument 'cmake_args' from command line to 'None'
[0.333s] Level 5:colcon.colcon_core.verb:set package 'rov_vision' build argument 'cmake_target' from command line to 'None'
[0.333s] Level 5:colcon.colcon_core.verb:set package 'rov_vision' build argument 'cmake_target_skip_unavailable' from command line to 'False'
[0.333s] Level 5:colcon.colcon_core.verb:set package 'rov_vision' build argument 'cmake_clean_cache' from command line to 'False'
[0.333s] Level 5:colcon.colcon_core.verb:set package 'rov_vision' build argument 'cmake_clean_first' from command line to 'False'
[0.333s] Level 5:colcon.colcon_core.verb:set package 'rov_vision' build argument 'cmake_force_configure' from command line to 'False'
[0.333s] Level 5:colcon.colcon_core.verb:set package 'rov_vision' build argument 'ament_cmake_args' from command line to 'None'
[0.333s] Level 5:colcon.colcon_core.verb:set package 'rov_vision' build argument 'catkin_cmake_args' from command line to 'None'
[0.333s] Level 5:colcon.colcon_core.verb:set package 'rov_vision' build argument 'catkin_skip_building_tests' from command line to 'False'
[0.333s] DEBUG:colcon.colcon_core.verb:Building package 'rov_vision' with the following arguments: {'ament_cmake_args': None, 'build_base': '/home/shashwat/test_ws/src/build/rov_vision', 'catkin_cmake_args': None, 'catkin_skip_building_tests': False, 'cmake_args': None, 'cmake_clean_cache': False, 'cmake_clean_first': False, 'cmake_force_configure': False, 'cmake_target': None, 'cmake_target_skip_unavailable': False, 'install_base': '/home/shashwat/test_ws/src/install/rov_vision', 'merge_install': False, 'path': '/home/shashwat/test_ws/src/rov_vision', 'symlink_install': False, 'test_result_base': None}
[0.333s] INFO:colcon.colcon_core.executor:Executing jobs using 'parallel' executor
[0.334s] DEBUG:colcon.colcon_parallel_executor.executor.parallel:run_until_complete
[0.334s] INFO:colcon.colcon_ros.task.ament_python.build:Building ROS package in '/home/shashwat/test_ws/src/rov_control' with build type 'ament_python'
[0.334s] Level 1:colcon.colcon_core.shell:create_environment_hook('rov_control', 'ament_prefix_path')
[0.336s] INFO:colcon.colcon_core.plugin_system:Skipping extension 'colcon_core.shell.bat': Not used on non-Windows systems
[0.336s] INFO:colcon.colcon_core.shell:Creating environment hook '/home/shashwat/test_ws/src/install/rov_control/share/rov_control/hook/ament_prefix_path.ps1'
[0.337s] INFO:colcon.colcon_core.shell:Creating environment descriptor '/home/shashwat/test_ws/src/install/rov_control/share/rov_control/hook/ament_prefix_path.dsv'
[0.337s] INFO:colcon.colcon_core.shell:Creating environment hook '/home/shashwat/test_ws/src/install/rov_control/share/rov_control/hook/ament_prefix_path.sh'
[0.338s] INFO:colcon.colcon_core.shell:Skip shell extension 'powershell' for command environment: Not usable outside of PowerShell
[0.338s] DEBUG:colcon.colcon_core.shell:Skip shell extension 'dsv' for command environment
[0.341s] INFO:colcon.colcon_ros.task.ament_python.build:Building ROS package in '/home/shashwat/test_ws/src/rov_joystick' with build type 'ament_python'
[0.341s] Level 1:colcon.colcon_core.shell:create_environment_hook('rov_joystick', 'ament_prefix_path')
[0.341s] INFO:colcon.colcon_core.shell:Creating environment hook '/home/shashwat/test_ws/src/install/rov_joystick/share/rov_joystick/hook/ament_prefix_path.ps1'
[0.342s] INFO:colcon.colcon_core.shell:Creating environment descriptor '/home/shashwat/test_ws/src/install/rov_joystick/share/rov_joystick/hook/ament_prefix_path.dsv'
[0.342s] INFO:colcon.colcon_core.shell:Creating environment hook '/home/shashwat/test_ws/src/install/rov_joystick/share/rov_joystick/hook/ament_prefix_path.sh'
[0.343s] INFO:colcon.colcon_core.shell:Skip shell extension 'powershell' for command environment: Not usable outside of PowerShell
[0.343s] DEBUG:colcon.colcon_core.shell:Skip shell extension 'dsv' for command environment
[0.345s] INFO:colcon.colcon_ros.task.ament_python.build:Building ROS package in '/home/shashwat/test_ws/src/rov_vision' with build type 'ament_python'
[0.346s] Level 1:colcon.colcon_core.shell:create_environment_hook('rov_vision', 'ament_prefix_path')
[0.346s] INFO:colcon.colcon_core.shell:Creating environment hook '/home/shashwat/test_ws/src/install/rov_vision/share/rov_vision/hook/ament_prefix_path.ps1'
[0.347s] INFO:colcon.colcon_core.shell:Creating environment descriptor '/home/shashwat/test_ws/src/install/rov_vision/share/rov_vision/hook/ament_prefix_path.dsv'
[0.347s] INFO:colcon.colcon_core.shell:Creating environment hook '/home/shashwat/test_ws/src/install/rov_vision/share/rov_vision/hook/ament_prefix_path.sh'
[0.348s] INFO:colcon.colcon_core.shell:Skip shell extension 'powershell' for command environment: Not usable outside of PowerShell
[0.348s] DEBUG:colcon.colcon_core.shell:Skip shell extension 'dsv' for command environment
[0.587s] INFO:colcon.colcon_core.task.python.build:Building Python package in '/home/shashwat/test_ws/src/rov_control'
[0.588s] INFO:colcon.colcon_core.shell:Skip shell extension 'powershell' for command environment: Not usable outside of PowerShell
[0.588s] DEBUG:colcon.colcon_core.shell:Skip shell extension 'dsv' for command environment
[0.846s] INFO:colcon.colcon_core.task.python.build:Building Python package in '/home/shashwat/test_ws/src/rov_joystick'
[0.847s] INFO:colcon.colcon_core.shell:Skip shell extension 'powershell' for command environment: Not usable outside of PowerShell
[0.847s] DEBUG:colcon.colcon_core.shell:Skip shell extension 'dsv' for command environment
[1.080s] INFO:colcon.colcon_core.task.python.build:Building Python package in '/home/shashwat/test_ws/src/rov_vision'
[1.080s] INFO:colcon.colcon_core.shell:Skip shell extension 'powershell' for command environment: Not usable outside of PowerShell
[1.080s] DEBUG:colcon.colcon_core.shell:Skip shell extension 'dsv' for command environment
[1.412s] DEBUG:colcon.colcon_core.event_handler.log_command:Invoking command in '/home/shashwat/test_ws/src/rov_control': PYTHONPATH=/home/shashwat/test_ws/src/build/rov_control/prefix_override:/usr/lib/python3/dist-packages/colcon_core/task/python/colcon_distutils_commands:/home/shashwat/test_ws/src/install/rov_control/lib/python3.10/site-packages:${PYTHONPATH} /usr/bin/python3 -W ignore:setup.py install is deprecated -W ignore:easy_install command is deprecated setup.py egg_info --egg-base ../build/rov_control build --build-base /home/shashwat/test_ws/src/build/rov_control/build install --record /home/shashwat/test_ws/src/build/rov_control/install.log --single-version-externally-managed install_data
[1.557s] DEBUG:colcon.colcon_core.event_handler.log_command:Invoking command in '/home/shashwat/test_ws/src/rov_vision': PYTHONPATH=/home/shashwat/test_ws/src/build/rov_vision/prefix_override:/usr/lib/python3/dist-packages/colcon_core/task/python/colcon_distutils_commands:/home/shashwat/test_ws/src/install/rov_vision/lib/python3.10/site-packages:${PYTHONPATH} /usr/bin/python3 -W ignore:setup.py install is deprecated -W ignore:easy_install command is deprecated setup.py egg_info --egg-base ../build/rov_vision build --build-base /home/shashwat/test_ws/src/build/rov_vision/build install --record /home/shashwat/test_ws/src/build/rov_vision/install.log --single-version-externally-managed install_data
[1.596s] DEBUG:colcon.colcon_core.event_handler.log_command:Invoking command in '/home/shashwat/test_ws/src/rov_joystick': PYTHONPATH=/home/shashwat/test_ws/src/build/rov_joystick/prefix_override:/usr/lib/python3/dist-packages/colcon_core/task/python/colcon_distutils_commands:/home/shashwat/test_ws/src/install/rov_joystick/lib/python3.10/site-packages:${PYTHONPATH} /usr/bin/python3 -W ignore:setup.py install is deprecated -W ignore:easy_install command is deprecated setup.py egg_info --egg-base ../build/rov_joystick build --build-base /home/shashwat/test_ws/src/build/rov_joystick/build install --record /home/shashwat/test_ws/src/build/rov_joystick/install.log --single-version-externally-managed install_data
[1.752s] DEBUG:colcon.colcon_core.event_handler.log_command:Invoked command in '/home/shashwat/test_ws/src/rov_control' returned '0': PYTHONPATH=/home/shashwat/test_ws/src/build/rov_control/prefix_override:/usr/lib/python3/dist-packages/colcon_core/task/python/colcon_distutils_commands:/home/shashwat/test_ws/src/install/rov_control/lib/python3.10/site-packages:${PYTHONPATH} /usr/bin/python3 -W ignore:setup.py install is deprecated -W ignore:easy_install command is deprecated setup.py egg_info --egg-base ../build/rov_control build --build-base /home/shashwat/test_ws/src/build/rov_control/build install --record /home/shashwat/test_ws/src/build/rov_control/install.log --single-version-externally-managed install_data
[1.753s] Level 1:colcon.colcon_core.environment:checking '/home/shashwat/test_ws/src/install/rov_control' for CMake module files
[1.754s] Level 1:colcon.colcon_core.environment:checking '/home/shashwat/test_ws/src/install/rov_control' for CMake config files
[1.756s] Level 1:colcon.colcon_core.environment:checking '/home/shashwat/test_ws/src/install/rov_control/lib'
[1.756s] Level 1:colcon.colcon_core.environment:checking '/home/shashwat/test_ws/src/install/rov_control/bin'
[1.756s] Level 1:colcon.colcon_core.environment:checking '/home/shashwat/test_ws/src/install/rov_control/lib/pkgconfig/rov_control.pc'
[1.757s] Level 1:colcon.colcon_core.environment:checking '/home/shashwat/test_ws/src/install/rov_control/lib/python3.10/site-packages'
[1.757s] Level 1:colcon.colcon_core.shell:create_environment_hook('rov_control', 'pythonpath')
[1.757s] INFO:colcon.colcon_core.shell:Creating environment hook '/home/shashwat/test_ws/src/install/rov_control/share/rov_control/hook/pythonpath.ps1'
[1.758s] INFO:colcon.colcon_core.shell:Creating environment descriptor '/home/shashwat/test_ws/src/install/rov_control/share/rov_control/hook/pythonpath.dsv'
[1.759s] INFO:colcon.colcon_core.shell:Creating environment hook '/home/shashwat/test_ws/src/install/rov_control/share/rov_control/hook/pythonpath.sh'
[1.760s] Level 1:colcon.colcon_core.environment:checking '/home/shashwat/test_ws/src/install/rov_control/bin'
[1.760s] Level 1:colcon.colcon_core.environment:create_environment_scripts_only(rov_control)
[1.760s] INFO:colcon.colcon_core.shell:Creating package script '/home/shashwat/test_ws/src/install/rov_control/share/rov_control/package.ps1'
[1.762s] INFO:colcon.colcon_core.shell:Creating package descriptor '/home/shashwat/test_ws/src/install/rov_control/share/rov_control/package.dsv'
[1.763s] INFO:colcon.colcon_core.shell:Creating package script '/home/shashwat/test_ws/src/install/rov_control/share/rov_control/package.sh'
[1.764s] INFO:colcon.colcon_core.shell:Creating package script '/home/shashwat/test_ws/src/install/rov_control/share/rov_control/package.bash'
[1.765s] INFO:colcon.colcon_core.shell:Creating package script '/home/shashwat/test_ws/src/install/rov_control/share/rov_control/package.zsh'
[1.767s] Level 1:colcon.colcon_core.environment:create_file_with_runtime_dependencies(/home/shashwat/test_ws/src/install/rov_control/share/colcon-core/packages/rov_control)
[1.933s] Level 1:colcon.colcon_core.environment:checking '/home/shashwat/test_ws/src/install/rov_vision' for CMake module files
[1.933s] DEBUG:colcon.colcon_core.event_handler.log_command:Invoked command in '/home/shashwat/test_ws/src/rov_vision' returned '0': PYTHONPATH=/home/shashwat/test_ws/src/build/rov_vision/prefix_override:/usr/lib/python3/dist-packages/colcon_core/task/python/colcon_distutils_commands:/home/shashwat/test_ws/src/install/rov_vision/lib/python3.10/site-packages:${PYTHONPATH} /usr/bin/python3 -W ignore:setup.py install is deprecated -W ignore:easy_install command is deprecated setup.py egg_info --egg-base ../build/rov_vision build --build-base /home/shashwat/test_ws/src/build/rov_vision/build install --record /home/shashwat/test_ws/src/build/rov_vision/install.log --single-version-externally-managed install_data
[1.934s] Level 1:colcon.colcon_core.environment:checking '/home/shashwat/test_ws/src/install/rov_vision' for CMake config files
[1.934s] Level 1:colcon.colcon_core.environment:checking '/home/shashwat/test_ws/src/install/rov_vision/lib'
[1.935s] Level 1:colcon.colcon_core.environment:checking '/home/shashwat/test_ws/src/install/rov_vision/bin'
[1.935s] Level 1:colcon.colcon_core.environment:checking '/home/shashwat/test_ws/src/install/rov_vision/lib/pkgconfig/rov_vision.pc'
[1.935s] Level 1:colcon.colcon_core.environment:checking '/home/shashwat/test_ws/src/install/rov_vision/lib/python3.10/site-packages'
[1.935s] Level 1:colcon.colcon_core.shell:create_environment_hook('rov_vision', 'pythonpath')
[1.935s] INFO:colcon.colcon_core.shell:Creating environment hook '/home/shashwat/test_ws/src/install/rov_vision/share/rov_vision/hook/pythonpath.ps1'
[1.936s] INFO:colcon.colcon_core.shell:Creating environment descriptor '/home/shashwat/test_ws/src/install/rov_vision/share/rov_vision/hook/pythonpath.dsv'
[1.937s] INFO:colcon.colcon_core.shell:Creating environment hook '/home/shashwat/test_ws/src/install/rov_vision/share/rov_vision/hook/pythonpath.sh'
[1.938s] Level 1:colcon.colcon_core.environment:checking '/home/shashwat/test_ws/src/install/rov_vision/bin'
[1.938s] Level 1:colcon.colcon_core.environment:create_environment_scripts_only(rov_vision)
[1.939s] INFO:colcon.colcon_core.shell:Creating package script '/home/shashwat/test_ws/src/install/rov_vision/share/rov_vision/package.ps1'
[1.940s] INFO:colcon.colcon_core.shell:Creating package descriptor '/home/shashwat/test_ws/src/install/rov_vision/share/rov_vision/package.dsv'
[1.940s] INFO:colcon.colcon_core.shell:Creating package script '/home/shashwat/test_ws/src/install/rov_vision/share/rov_vision/package.sh'
[1.941s] INFO:colcon.colcon_core.shell:Creating package script '/home/shashwat/test_ws/src/install/rov_vision/share/rov_vision/package.bash'
[1.942s] INFO:colcon.colcon_core.shell:Creating package script '/home/shashwat/test_ws/src/install/rov_vision/share/rov_vision/package.zsh'
[1.942s] Level 1:colcon.colcon_core.environment:create_file_with_runtime_dependencies(/home/shashwat/test_ws/src/install/rov_vision/share/colcon-core/packages/rov_vision)
[1.958s] Level 1:colcon.colcon_core.environment:checking '/home/shashwat/test_ws/src/install/rov_joystick' for CMake module files
[1.959s] DEBUG:colcon.colcon_core.event_handler.log_command:Invoked command in '/home/shashwat/test_ws/src/rov_joystick' returned '0': PYTHONPATH=/home/shashwat/test_ws/src/build/rov_joystick/prefix_override:/usr/lib/python3/dist-packages/colcon_core/task/python/colcon_distutils_commands:/home/shashwat/test_ws/src/install/rov_joystick/lib/python3.10/site-packages:${PYTHONPATH} /usr/bin/python3 -W ignore:setup.py install is deprecated -W ignore:easy_install command is deprecated setup.py egg_info --egg-base ../build/rov_joystick build --build-base /home/shashwat/test_ws/src/build/rov_joystick/build install --record /home/shashwat/test_ws/src/build/rov_joystick/install.log --single-version-externally-managed install_data
[1.959s] Level 1:colcon.colcon_core.environment:checking '/home/shashwat/test_ws/src/install/rov_joystick' for CMake config files
[1.959s] Level 1:colcon.colcon_core.environment:checking '/home/shashwat/test_ws/src/install/rov_joystick/lib'
[1.959s] Level 1:colcon.colcon_core.environment:checking '/home/shashwat/test_ws/src/install/rov_joystick/bin'
[1.960s] Level 1:colcon.colcon_core.environment:checking '/home/shashwat/test_ws/src/install/rov_joystick/lib/pkgconfig/rov_joystick.pc'
[1.960s] Level 1:colcon.colcon_core.environment:checking '/home/shashwat/test_ws/src/install/rov_joystick/lib/python3.10/site-packages'
[1.960s] Level 1:colcon.colcon_core.shell:create_environment_hook('rov_joystick', 'pythonpath')
[1.960s] INFO:colcon.colcon_core.shell:Creating environment hook '/home/shashwat/test_ws/src/install/rov_joystick/share/rov_joystick/hook/pythonpath.ps1'
[1.960s] INFO:colcon.colcon_core.shell:Creating environment descriptor '/home/shashwat/test_ws/src/install/rov_joystick/share/rov_joystick/hook/pythonpath.dsv'
[1.961s] INFO:colcon.colcon_core.shell:Creating environment hook '/home/shashwat/test_ws/src/install/rov_joystick/share/rov_joystick/hook/pythonpath.sh'
[1.962s] Level 1:colcon.colcon_core.environment:checking '/home/shashwat/test_ws/src/install/rov_joystick/bin'
[1.962s] Level 1:colcon.colcon_core.environment:create_environment_scripts_only(rov_joystick)
[1.962s] INFO:colcon.colcon_core.shell:Creating package script '/home/shashwat/test_ws/src/install/rov_joystick/share/rov_joystick/package.ps1'
[1.963s] INFO:colcon.colcon_core.shell:Creating package descriptor '/home/shashwat/test_ws/src/install/rov_joystick/share/rov_joystick/package.dsv'
[1.963s] INFO:colcon.colcon_core.shell:Creating package script '/home/shashwat/test_ws/src/install/rov_joystick/share/rov_joystick/package.sh'
[1.964s] INFO:colcon.colcon_core.shell:Creating package script '/home/shashwat/test_ws/src/install/rov_joystick/share/rov_joystick/package.bash'
[1.965s] INFO:colcon.colcon_core.shell:Creating package script '/home/shashwat/test_ws/src/install/rov_joystick/share/rov_joystick/package.zsh'
[1.965s] Level 1:colcon.colcon_core.environment:create_file_with_runtime_dependencies(/home/shashwat/test_ws/src/install/rov_joystick/share/colcon-core/packages/rov_joystick)
[1.965s] DEBUG:colcon.colcon_parallel_executor.executor.parallel:closing loop
[1.966s] DEBUG:colcon.colcon_parallel_executor.executor.parallel:loop closed
[1.966s] DEBUG:colcon.colcon_parallel_executor.executor.parallel:run_until_complete finished with '0'
[1.966s] DEBUG:colcon.colcon_core.event_reactor:joining thread
[1.971s] INFO:colcon.colcon_core.plugin_system:Skipping extension 'colcon_notification.desktop_notification.terminal_notifier': Not used on non-Darwin systems
[1.971s] INFO:colcon.colcon_core.plugin_system:Skipping extension 'colcon_notification.desktop_notification.win32': Not used on non-Windows systems
[1.971s] INFO:colcon.colcon_notification.desktop_notification:Sending desktop notification using 'notify2'
[1.978s] DEBUG:colcon.colcon_core.event_reactor:joined thread
[1.979s] INFO:colcon.colcon_core.shell:Creating prefix script '/home/shashwat/test_ws/src/install/local_setup.ps1'
[1.980s] INFO:colcon.colcon_core.shell:Creating prefix util module '/home/shashwat/test_ws/src/install/_local_setup_util_ps1.py'
[1.982s] INFO:colcon.colcon_core.shell:Creating prefix chain script '/home/shashwat/test_ws/src/install/setup.ps1'
[1.983s] INFO:colcon.colcon_core.shell:Creating prefix script '/home/shashwat/test_ws/src/install/local_setup.sh'
[1.983s] INFO:colcon.colcon_core.shell:Creating prefix util module '/home/shashwat/test_ws/src/install/_local_setup_util_sh.py'
[1.984s] INFO:colcon.colcon_core.shell:Creating prefix chain script '/home/shashwat/test_ws/src/install/setup.sh'
[1.985s] INFO:colcon.colcon_core.shell:Creating prefix script '/home/shashwat/test_ws/src/install/local_setup.bash'
[1.985s] INFO:colcon.colcon_core.shell:Creating prefix chain script '/home/shashwat/test_ws/src/install/setup.bash'
[1.986s] INFO:colcon.colcon_core.shell:Creating prefix script '/home/shashwat/test_ws/src/install/local_setup.zsh'
[1.987s] INFO:colcon.colcon_core.shell:Creating prefix chain script '/home/shashwat/test_ws/src/install/setup.zsh'
