running egg_info
creating ../../build/rov_vision/rov_vision.egg-info
writing ../../build/rov_vision/rov_vision.egg-info/PKG-INFO
writing dependency_links to ../../build/rov_vision/rov_vision.egg-info/dependency_links.txt
writing entry points to ../../build/rov_vision/rov_vision.egg-info/entry_points.txt
writing requirements to ../../build/rov_vision/rov_vision.egg-info/requires.txt
writing top-level names to ../../build/rov_vision/rov_vision.egg-info/top_level.txt
writing manifest file '../../build/rov_vision/rov_vision.egg-info/SOURCES.txt'
reading manifest file '../../build/rov_vision/rov_vision.egg-info/SOURCES.txt'
writing manifest file '../../build/rov_vision/rov_vision.egg-info/SOURCES.txt'
running build
running build_py
creating /home/shashwat/test_ws/src/build/rov_vision/build
creating /home/shashwat/test_ws/src/build/rov_vision/build/lib
creating /home/shashwat/test_ws/src/build/rov_vision/build/lib/rov_vision
copying rov_vision/__init__.py -> /home/shashwat/test_ws/src/build/rov_vision/build/lib/rov_vision
copying rov_vision/vision_node.py -> /home/shashwat/test_ws/src/build/rov_vision/build/lib/rov_vision
running install
running install_lib
creating /home/shashwat/test_ws/src/install/rov_vision/lib/python3.10/site-packages/rov_vision
copying /home/shashwat/test_ws/src/build/rov_vision/build/lib/rov_vision/__init__.py -> /home/shashwat/test_ws/src/install/rov_vision/lib/python3.10/site-packages/rov_vision
copying /home/shashwat/test_ws/src/build/rov_vision/build/lib/rov_vision/vision_node.py -> /home/shashwat/test_ws/src/install/rov_vision/lib/python3.10/site-packages/rov_vision
byte-compiling /home/shashwat/test_ws/src/install/rov_vision/lib/python3.10/site-packages/rov_vision/__init__.py to __init__.cpython-310.pyc
byte-compiling /home/shashwat/test_ws/src/install/rov_vision/lib/python3.10/site-packages/rov_vision/vision_node.py to vision_node.cpython-310.pyc
running install_data
creating /home/shashwat/test_ws/src/install/rov_vision/share/ament_index
creating /home/shashwat/test_ws/src/install/rov_vision/share/ament_index/resource_index
creating /home/shashwat/test_ws/src/install/rov_vision/share/ament_index/resource_index/packages
copying resource/rov_vision -> /home/shashwat/test_ws/src/install/rov_vision/share/ament_index/resource_index/packages
copying package.xml -> /home/shashwat/test_ws/src/install/rov_vision/share/rov_vision
running install_egg_info
Copying ../../build/rov_vision/rov_vision.egg-info to /home/shashwat/test_ws/src/install/rov_vision/lib/python3.10/site-packages/rov_vision-0.0.0-py3.10.egg-info
running install_scripts
Installing vision_node script to /home/shashwat/test_ws/src/install/rov_vision/lib/rov_vision
writing list of installed files to '/home/shashwat/test_ws/src/build/rov_vision/install.log'
