running egg_info
writing ../build/rov_control/rov_control.egg-info/PKG-INFO
writing dependency_links to ../build/rov_control/rov_control.egg-info/dependency_links.txt
writing entry points to ../build/rov_control/rov_control.egg-info/entry_points.txt
writing requirements to ../build/rov_control/rov_control.egg-info/requires.txt
writing top-level names to ../build/rov_control/rov_control.egg-info/top_level.txt
reading manifest file '../build/rov_control/rov_control.egg-info/SOURCES.txt'
writing manifest file '../build/rov_control/rov_control.egg-info/SOURCES.txt'
running build
running build_py
copying rov_control/thruster_controller.py -> /home/shashwat/test_ws/src/build/rov_control/build/lib/rov_control
running install
running install_lib
copying /home/shashwat/test_ws/src/build/rov_control/build/lib/rov_control/thruster_controller.py -> /home/shashwat/test_ws/src/install/rov_control/lib/python3.10/site-packages/rov_control
byte-compiling /home/shashwat/test_ws/src/install/rov_control/lib/python3.10/site-packages/rov_control/thruster_controller.py to thruster_controller.cpython-310.pyc
running install_data
copying package.xml -> /home/shashwat/test_ws/src/install/rov_control/share/rov_control
running install_egg_info
removing '/home/shashwat/test_ws/src/install/rov_control/lib/python3.10/site-packages/rov_control-0.0.0-py3.10.egg-info' (and everything under it)
Copying ../build/rov_control/rov_control.egg-info to /home/shashwat/test_ws/src/install/rov_control/lib/python3.10/site-packages/rov_control-0.0.0-py3.10.egg-info
running install_scripts
Installing serial_bridge script to /home/shashwat/test_ws/src/install/rov_control/lib/rov_control
Installing thruster_controller script to /home/shashwat/test_ws/src/install/rov_control/lib/rov_control
writing list of installed files to '/home/shashwat/test_ws/src/build/rov_control/install.log'
