running egg_info
creating ../../build/rov_control/rov_control.egg-info
writing ../../build/rov_control/rov_control.egg-info/PKG-INFO
writing dependency_links to ../../build/rov_control/rov_control.egg-info/dependency_links.txt
writing entry points to ../../build/rov_control/rov_control.egg-info/entry_points.txt
writing requirements to ../../build/rov_control/rov_control.egg-info/requires.txt
writing top-level names to ../../build/rov_control/rov_control.egg-info/top_level.txt
writing manifest file '../../build/rov_control/rov_control.egg-info/SOURCES.txt'
reading manifest file '../../build/rov_control/rov_control.egg-info/SOURCES.txt'
writing manifest file '../../build/rov_control/rov_control.egg-info/SOURCES.txt'
running build
running build_py
creating /home/shashwat/test_ws/src/build/rov_control/build
creating /home/shashwat/test_ws/src/build/rov_control/build/lib
creating /home/shashwat/test_ws/src/build/rov_control/build/lib/rov_control
copying rov_control/serial_bridge.py -> /home/shashwat/test_ws/src/build/rov_control/build/lib/rov_control
copying rov_control/joy_to_text.py -> /home/shashwat/test_ws/src/build/rov_control/build/lib/rov_control
copying rov_control/thruster_controller.py -> /home/shashwat/test_ws/src/build/rov_control/build/lib/rov_control
copying rov_control/__init__.py -> /home/shashwat/test_ws/src/build/rov_control/build/lib/rov_control
copying rov_control/text_commander.py -> /home/shashwat/test_ws/src/build/rov_control/build/lib/rov_control
running install
running install_lib
creating /home/shashwat/test_ws/src/install/rov_control/lib/python3.10/site-packages/rov_control
copying /home/shashwat/test_ws/src/build/rov_control/build/lib/rov_control/serial_bridge.py -> /home/shashwat/test_ws/src/install/rov_control/lib/python3.10/site-packages/rov_control
copying /home/shashwat/test_ws/src/build/rov_control/build/lib/rov_control/joy_to_text.py -> /home/shashwat/test_ws/src/install/rov_control/lib/python3.10/site-packages/rov_control
copying /home/shashwat/test_ws/src/build/rov_control/build/lib/rov_control/thruster_controller.py -> /home/shashwat/test_ws/src/install/rov_control/lib/python3.10/site-packages/rov_control
copying /home/shashwat/test_ws/src/build/rov_control/build/lib/rov_control/__init__.py -> /home/shashwat/test_ws/src/install/rov_control/lib/python3.10/site-packages/rov_control
copying /home/shashwat/test_ws/src/build/rov_control/build/lib/rov_control/text_commander.py -> /home/shashwat/test_ws/src/install/rov_control/lib/python3.10/site-packages/rov_control
byte-compiling /home/shashwat/test_ws/src/install/rov_control/lib/python3.10/site-packages/rov_control/serial_bridge.py to serial_bridge.cpython-310.pyc
byte-compiling /home/shashwat/test_ws/src/install/rov_control/lib/python3.10/site-packages/rov_control/joy_to_text.py to joy_to_text.cpython-310.pyc
byte-compiling /home/shashwat/test_ws/src/install/rov_control/lib/python3.10/site-packages/rov_control/thruster_controller.py to thruster_controller.cpython-310.pyc
byte-compiling /home/shashwat/test_ws/src/install/rov_control/lib/python3.10/site-packages/rov_control/__init__.py to __init__.cpython-310.pyc
byte-compiling /home/shashwat/test_ws/src/install/rov_control/lib/python3.10/site-packages/rov_control/text_commander.py to text_commander.cpython-310.pyc
running install_data
creating /home/shashwat/test_ws/src/install/rov_control/share/ament_index
creating /home/shashwat/test_ws/src/install/rov_control/share/ament_index/resource_index
creating /home/shashwat/test_ws/src/install/rov_control/share/ament_index/resource_index/packages
copying resource/rov_control -> /home/shashwat/test_ws/src/install/rov_control/share/ament_index/resource_index/packages
copying package.xml -> /home/shashwat/test_ws/src/install/rov_control/share/rov_control
creating /home/shashwat/test_ws/src/install/rov_control/share/rov_control/launch
copying launch/rov_system.launch.py -> /home/shashwat/test_ws/src/install/rov_control/share/rov_control/launch
running install_egg_info
Copying ../../build/rov_control/rov_control.egg-info to /home/shashwat/test_ws/src/install/rov_control/lib/python3.10/site-packages/rov_control-0.0.0-py3.10.egg-info
running install_scripts
Installing joy_to_text script to /home/shashwat/test_ws/src/install/rov_control/lib/rov_control
Installing serial_bridge script to /home/shashwat/test_ws/src/install/rov_control/lib/rov_control
Installing text_commander script to /home/shashwat/test_ws/src/install/rov_control/lib/rov_control
Installing thruster_controller script to /home/shashwat/test_ws/src/install/rov_control/lib/rov_control
writing list of installed files to '/home/shashwat/test_ws/src/build/rov_control/install.log'
