[1.393s] Invoking command in '/home/shashwat/test_ws/src/SubMerge-CV-/rov_control': PYTHONPATH=/home/shashwat/test_ws/src/build/rov_control/prefix_override:/usr/lib/python3/dist-packages/colcon_core/task/python/colcon_distutils_commands:/home/shashwat/test_ws/src/install/rov_control/lib/python3.10/site-packages:${PYTHONPATH} /usr/bin/python3 -W ignore:setup.py install is deprecated -W ignore:easy_install command is deprecated setup.py egg_info --egg-base ../../build/rov_control build --build-base /home/shashwat/test_ws/src/build/rov_control/build install --record /home/shashwat/test_ws/src/build/rov_control/install.log --single-version-externally-managed install_data
[1.777s] running egg_info
[1.778s] creating ../../build/rov_control/rov_control.egg-info
[1.778s] writing ../../build/rov_control/rov_control.egg-info/PKG-INFO
[1.778s] writing dependency_links to ../../build/rov_control/rov_control.egg-info/dependency_links.txt
[1.779s] writing entry points to ../../build/rov_control/rov_control.egg-info/entry_points.txt
[1.779s] writing requirements to ../../build/rov_control/rov_control.egg-info/requires.txt
[1.779s] writing top-level names to ../../build/rov_control/rov_control.egg-info/top_level.txt
[1.779s] writing manifest file '../../build/rov_control/rov_control.egg-info/SOURCES.txt'
[1.781s] reading manifest file '../../build/rov_control/rov_control.egg-info/SOURCES.txt'
[1.782s] writing manifest file '../../build/rov_control/rov_control.egg-info/SOURCES.txt'
[1.782s] running build
[1.782s] running build_py
[1.782s] creating /home/shashwat/test_ws/src/build/rov_control/build
[1.782s] creating /home/shashwat/test_ws/src/build/rov_control/build/lib
[1.782s] creating /home/shashwat/test_ws/src/build/rov_control/build/lib/rov_control
[1.783s] copying rov_control/serial_bridge.py -> /home/shashwat/test_ws/src/build/rov_control/build/lib/rov_control
[1.783s] copying rov_control/joy_to_text.py -> /home/shashwat/test_ws/src/build/rov_control/build/lib/rov_control
[1.783s] copying rov_control/thruster_controller.py -> /home/shashwat/test_ws/src/build/rov_control/build/lib/rov_control
[1.783s] copying rov_control/__init__.py -> /home/shashwat/test_ws/src/build/rov_control/build/lib/rov_control
[1.783s] copying rov_control/text_commander.py -> /home/shashwat/test_ws/src/build/rov_control/build/lib/rov_control
[1.783s] running install
[1.784s] running install_lib
[1.786s] creating /home/shashwat/test_ws/src/install/rov_control/lib/python3.10/site-packages/rov_control
[1.786s] copying /home/shashwat/test_ws/src/build/rov_control/build/lib/rov_control/serial_bridge.py -> /home/shashwat/test_ws/src/install/rov_control/lib/python3.10/site-packages/rov_control
[1.786s] copying /home/shashwat/test_ws/src/build/rov_control/build/lib/rov_control/joy_to_text.py -> /home/shashwat/test_ws/src/install/rov_control/lib/python3.10/site-packages/rov_control
[1.786s] copying /home/shashwat/test_ws/src/build/rov_control/build/lib/rov_control/thruster_controller.py -> /home/shashwat/test_ws/src/install/rov_control/lib/python3.10/site-packages/rov_control
[1.786s] copying /home/shashwat/test_ws/src/build/rov_control/build/lib/rov_control/__init__.py -> /home/shashwat/test_ws/src/install/rov_control/lib/python3.10/site-packages/rov_control
[1.786s] copying /home/shashwat/test_ws/src/build/rov_control/build/lib/rov_control/text_commander.py -> /home/shashwat/test_ws/src/install/rov_control/lib/python3.10/site-packages/rov_control
[1.787s] byte-compiling /home/shashwat/test_ws/src/install/rov_control/lib/python3.10/site-packages/rov_control/serial_bridge.py to serial_bridge.cpython-310.pyc
[1.787s] byte-compiling /home/shashwat/test_ws/src/install/rov_control/lib/python3.10/site-packages/rov_control/joy_to_text.py to joy_to_text.cpython-310.pyc
[1.788s] byte-compiling /home/shashwat/test_ws/src/install/rov_control/lib/python3.10/site-packages/rov_control/thruster_controller.py to thruster_controller.cpython-310.pyc
[1.789s] byte-compiling /home/shashwat/test_ws/src/install/rov_control/lib/python3.10/site-packages/rov_control/__init__.py to __init__.cpython-310.pyc
[1.789s] byte-compiling /home/shashwat/test_ws/src/install/rov_control/lib/python3.10/site-packages/rov_control/text_commander.py to text_commander.cpython-310.pyc
[1.790s] running install_data
[1.790s] creating /home/shashwat/test_ws/src/install/rov_control/share/ament_index
[1.790s] creating /home/shashwat/test_ws/src/install/rov_control/share/ament_index/resource_index
[1.791s] creating /home/shashwat/test_ws/src/install/rov_control/share/ament_index/resource_index/packages
[1.791s] copying resource/rov_control -> /home/shashwat/test_ws/src/install/rov_control/share/ament_index/resource_index/packages
[1.791s] copying package.xml -> /home/shashwat/test_ws/src/install/rov_control/share/rov_control
[1.791s] creating /home/shashwat/test_ws/src/install/rov_control/share/rov_control/launch
[1.791s] copying launch/rov_system.launch.py -> /home/shashwat/test_ws/src/install/rov_control/share/rov_control/launch
[1.791s] running install_egg_info
[1.793s] Copying ../../build/rov_control/rov_control.egg-info to /home/shashwat/test_ws/src/install/rov_control/lib/python3.10/site-packages/rov_control-0.0.0-py3.10.egg-info
[1.794s] running install_scripts
[1.813s] Installing joy_to_text script to /home/shashwat/test_ws/src/install/rov_control/lib/rov_control
[1.813s] Installing serial_bridge script to /home/shashwat/test_ws/src/install/rov_control/lib/rov_control
[1.813s] Installing text_commander script to /home/shashwat/test_ws/src/install/rov_control/lib/rov_control
[1.813s] Installing thruster_controller script to /home/shashwat/test_ws/src/install/rov_control/lib/rov_control
[1.814s] writing list of installed files to '/home/shashwat/test_ws/src/build/rov_control/install.log'
[1.839s] Invoked command in '/home/shashwat/test_ws/src/SubMerge-CV-/rov_control' returned '0': PYTHONPATH=/home/shashwat/test_ws/src/build/rov_control/prefix_override:/usr/lib/python3/dist-packages/colcon_core/task/python/colcon_distutils_commands:/home/shashwat/test_ws/src/install/rov_control/lib/python3.10/site-packages:${PYTHONPATH} /usr/bin/python3 -W ignore:setup.py install is deprecated -W ignore:easy_install command is deprecated setup.py egg_info --egg-base ../../build/rov_control build --build-base /home/shashwat/test_ws/src/build/rov_control/build install --record /home/shashwat/test_ws/src/build/rov_control/install.log --single-version-externally-managed install_data
