running egg_info
creating ../../build/rov_joystick/rov_joystick.egg-info
writing ../../build/rov_joystick/rov_joystick.egg-info/PKG-INFO
writing dependency_links to ../../build/rov_joystick/rov_joystick.egg-info/dependency_links.txt
writing entry points to ../../build/rov_joystick/rov_joystick.egg-info/entry_points.txt
writing requirements to ../../build/rov_joystick/rov_joystick.egg-info/requires.txt
writing top-level names to ../../build/rov_joystick/rov_joystick.egg-info/top_level.txt
writing manifest file '../../build/rov_joystick/rov_joystick.egg-info/SOURCES.txt'
reading manifest file '../../build/rov_joystick/rov_joystick.egg-info/SOURCES.txt'
writing manifest file '../../build/rov_joystick/rov_joystick.egg-info/SOURCES.txt'
running build
running build_py
creating /home/shashwat/test_ws/src/build/rov_joystick/build
creating /home/shashwat/test_ws/src/build/rov_joystick/build/lib
creating /home/shashwat/test_ws/src/build/rov_joystick/build/lib/rov_joystick
copying rov_joystick/__init__.py -> /home/shashwat/test_ws/src/build/rov_joystick/build/lib/rov_joystick
copying rov_joystick/joy_node.py -> /home/shashwat/test_ws/src/build/rov_joystick/build/lib/rov_joystick
running install
running install_lib
creating /home/shashwat/test_ws/src/install/rov_joystick/lib/python3.10/site-packages/rov_joystick
copying /home/shashwat/test_ws/src/build/rov_joystick/build/lib/rov_joystick/__init__.py -> /home/shashwat/test_ws/src/install/rov_joystick/lib/python3.10/site-packages/rov_joystick
copying /home/shashwat/test_ws/src/build/rov_joystick/build/lib/rov_joystick/joy_node.py -> /home/shashwat/test_ws/src/install/rov_joystick/lib/python3.10/site-packages/rov_joystick
byte-compiling /home/shashwat/test_ws/src/install/rov_joystick/lib/python3.10/site-packages/rov_joystick/__init__.py to __init__.cpython-310.pyc
byte-compiling /home/shashwat/test_ws/src/install/rov_joystick/lib/python3.10/site-packages/rov_joystick/joy_node.py to joy_node.cpython-310.pyc
running install_data
creating /home/shashwat/test_ws/src/install/rov_joystick/share/ament_index
creating /home/shashwat/test_ws/src/install/rov_joystick/share/ament_index/resource_index
creating /home/shashwat/test_ws/src/install/rov_joystick/share/ament_index/resource_index/packages
copying resource/rov_joystick -> /home/shashwat/test_ws/src/install/rov_joystick/share/ament_index/resource_index/packages
copying package.xml -> /home/shashwat/test_ws/src/install/rov_joystick/share/rov_joystick
running install_egg_info
Copying ../../build/rov_joystick/rov_joystick.egg-info to /home/shashwat/test_ws/src/install/rov_joystick/lib/python3.10/site-packages/rov_joystick-0.0.0-py3.10.egg-info
running install_scripts
Installing joy_node script to /home/shashwat/test_ws/src/install/rov_joystick/lib/rov_joystick
Installing keyboard_teleop script to /home/shashwat/test_ws/src/install/rov_joystick/lib/rov_joystick
writing list of installed files to '/home/shashwat/test_ws/src/build/rov_joystick/install.log'
